<?xml version="1.0" encoding="UTF-8"?>
<testng-results ignored="0" total="1" passed="1" failed="0" skipped="0">
  <reporter-output>
  </reporter-output>
  <suite started-at="2024-09-18T12:26:10 IST" name="Default suite" finished-at="2024-09-18T12:26:16 IST" duration-ms="5540">
    <groups>
    </groups>
    <test started-at="2024-09-18T12:26:10 IST" name="Default test" finished-at="2024-09-18T12:26:16 IST" duration-ms="5540">
      <class name="com.test.DeviceApiTest">
        <test-method is-config="true" signature="setUp()[pri:0, instance:com.test.DeviceApiTest@3646a422]" started-at="2024-09-18T12:26:11 IST" name="setUp" finished-at="2024-09-18T12:26:11 IST" duration-ms="668" status="PASS">
          <reporter-output>
          </reporter-output>
        </test-method> <!-- setUp -->
        <test-method signature="testAddNewDevice()[pri:0, instance:com.test.DeviceApiTest@3646a422]" started-at="2024-09-18T12:26:11 IST" name="testAddNewDevice" finished-at="2024-09-18T12:26:16 IST" duration-ms="4804" status="PASS">
          <reporter-output>
          </reporter-output>
        </test-method> <!-- testAddNewDevice -->
      </class> <!-- com.test.DeviceApiTest -->
    </test> <!-- Default test -->
  </suite> <!-- Default suite -->
</testng-results>
